[0m18:33:37.227043 [debug] [MainThread]: Sending event: {'category': 'dbt', 'action': 'invocation', 'label': 'start', 'context': [<snowplow_tracker.self_describing_json.SelfDescribingJson object at 0x11206c640>, <snowplow_tracker.self_describing_json.SelfDescribingJson object at 0x113af0970>, <snowplow_tracker.self_describing_json.SelfDescribingJson object at 0x113af0790>]}


============================== 18:33:37.229706 | 40c4b2fd-461c-4453-a33b-7efa8ae03880 ==============================
[0m18:33:37.229706 [info ] [MainThread]: Running with dbt=1.10.20
[0m18:33:37.230034 [debug] [MainThread]: running dbt with arguments {'profiles_dir': '/Users/nicolasmir/.dbt', 'no_print': 'None', 'partial_parse': 'True', 'use_experimental_parser': 'False', 'log_format': 'default', 'use_colors': 'True', 'static_parser': 'True', 'log_path': 'logs', 'introspect': 'True', 'fail_fast': 'False', 'log_cache_events': 'False', 'warn_error_options': 'WarnErrorOptionsV2(error=[], warn=[], silence=[])', 'empty': 'None', 'printer_width': '80', 'debug': 'False', 'write_json': 'True', 'quiet': 'False', 'target_path': 'None', 'warn_error': 'None', 'indirect_selection': 'eager', 'send_anonymous_usage_stats': 'True', 'cache_selected_only': 'False', 'invocation_command': 'dbt init youtube_analytics_dbt', 'version_check': 'True'}
[0m18:33:37.237109 [info ] [MainThread]: Creating dbt configuration folder at /Users/nicolasmir/.dbt
[0m18:33:37.237937 [debug] [MainThread]: Starter project path: /Users/nicolasmir/Library/Python/3.9/lib/python/site-packages/dbt/include/starter_project
[0m18:33:37.241411 [info ] [MainThread]: 
Your new dbt project "youtube_analytics_dbt" was created!

For more information on how to configure the profiles.yml file,
please consult the dbt documentation here:

  https://docs.getdbt.com/docs/configure-your-profile

One more thing:

Need help? Don't hesitate to reach out to us via GitHub issues or on Slack:

  https://community.getdbt.com/

Happy modeling!

[0m18:33:37.241597 [info ] [MainThread]: Setting up your profile.
[0m18:35:42.757228 [info ] [MainThread]: Profile youtube_analytics_dbt written to /Users/nicolasmir/.dbt/profiles.yml using target's profile_template.yml and your supplied values. Run 'dbt debug' to validate the connection.
[0m18:35:42.801409 [debug] [MainThread]: Resource report: {"command_name": "init", "command_success": true, "command_wall_clock_time": 125.62588, "process_in_blocks": "0", "process_kernel_time": 0.252962, "process_mem_max_rss": "193396736", "process_out_blocks": "0", "process_user_time": 2.019551}
[0m18:35:42.802706 [debug] [MainThread]: Command `dbt init` succeeded at 18:35:42.802430 after 125.63 seconds
[0m18:35:42.804534 [debug] [MainThread]: Sending event: {'category': 'dbt', 'action': 'invocation', 'label': 'end', 'context': [<snowplow_tracker.self_describing_json.SelfDescribingJson object at 0x11206c640>, <snowplow_tracker.self_describing_json.SelfDescribingJson object at 0x113adb1c0>, <snowplow_tracker.self_describing_json.SelfDescribingJson object at 0x113acf4c0>]}
[0m18:35:42.805508 [debug] [MainThread]: Flushing usage events
[0m18:35:43.707887 [debug] [MainThread]: An error was encountered while trying to flush usage events
[0m18:41:52.572443 [debug] [MainThread]: Sending event: {'category': 'dbt', 'action': 'invocation', 'label': 'start', 'context': [<snowplow_tracker.self_describing_json.SelfDescribingJson object at 0x106866190>, <snowplow_tracker.self_describing_json.SelfDescribingJson object at 0x1078e8790>, <snowplow_tracker.self_describing_json.SelfDescribingJson object at 0x1078e8970>]}


============================== 18:41:52.575338 | 3541af80-0d30-4cb3-b4f0-485c463783b8 ==============================
[0m18:41:52.575338 [info ] [MainThread]: Running with dbt=1.10.20
[0m18:41:52.575767 [debug] [MainThread]: running dbt with arguments {'quiet': 'False', 'use_colors': 'True', 'empty': 'None', 'cache_selected_only': 'False', 'introspect': 'True', 'version_check': 'True', 'log_path': 'logs', 'invocation_command': 'dbt debug', 'static_parser': 'True', 'printer_width': '80', 'log_cache_events': 'False', 'log_format': 'default', 'debug': 'False', 'write_json': 'True', 'partial_parse': 'True', 'warn_error': 'None', 'warn_error_options': 'WarnErrorOptionsV2(error=[], warn=[], silence=[])', 'no_print': 'None', 'send_anonymous_usage_stats': 'True', 'use_experimental_parser': 'False', 'fail_fast': 'False', 'target_path': 'None', 'profiles_dir': '/Users/nicolasmir/.dbt', 'indirect_selection': 'eager'}
[0m18:41:52.584234 [info ] [MainThread]: dbt version: 1.10.20
[0m18:41:52.584438 [info ] [MainThread]: python version: 3.9.6
[0m18:41:52.584603 [info ] [MainThread]: python path: /Library/Developer/CommandLineTools/usr/bin/python3
[0m18:41:52.584756 [info ] [MainThread]: os info: macOS-15.7.3-arm64-arm-64bit
[0m18:41:53.273113 [info ] [MainThread]: Using profiles dir at /Users/nicolasmir/.dbt
[0m18:41:53.273394 [info ] [MainThread]: Using profiles.yml file at /Users/nicolasmir/.dbt/profiles.yml
[0m18:41:53.273573 [info ] [MainThread]: Using dbt_project.yml file at /Users/nicolasmir/youtube_analytics/dbt_project.yml
[0m18:41:53.273883 [info ] [MainThread]: adapter type: snowflake
[0m18:41:53.274085 [info ] [MainThread]: adapter version: 1.10.2
[0m18:41:53.274260 [info ] [MainThread]: Configuration:
[0m18:41:53.274422 [info ] [MainThread]:   profiles.yml file [[32mOK found and valid[0m]
[0m18:41:53.274576 [info ] [MainThread]:   dbt_project.yml file [[31mERROR not found[0m]
[0m18:41:53.274729 [info ] [MainThread]: Required dependencies:
[0m18:41:53.274903 [debug] [MainThread]: Executing "git --help"
[0m18:41:53.301244 [debug] [MainThread]: STDOUT: "b"usage: git [-v | --version] [-h | --help] [-C <path>] [-c <name>=<value>]\n           [--exec-path[=<path>]] [--html-path] [--man-path] [--info-path]\n           [-p | --paginate | -P | --no-pager] [--no-replace-objects] [--bare]\n           [--git-dir=<path>] [--work-tree=<path>] [--namespace=<name>]\n           [--super-prefix=<path>] [--config-env=<name>=<envvar>]\n           <command> [<args>]\n\nThese are common Git commands used in various situations:\n\nstart a working area (see also: git help tutorial)\n   clone     Clone a repository into a new directory\n   init      Create an empty Git repository or reinitialize an existing one\n\nwork on the current change (see also: git help everyday)\n   add       Add file contents to the index\n   mv        Move or rename a file, a directory, or a symlink\n   restore   Restore working tree files\n   rm        Remove files from the working tree and from the index\n\nexamine the history and state (see also: git help revisions)\n   bisect    Use binary search to find the commit that introduced a bug\n   diff      Show changes between commits, commit and working tree, etc\n   grep      Print lines matching a pattern\n   log       Show commit logs\n   show      Show various types of objects\n   status    Show the working tree status\n\ngrow, mark and tweak your common history\n   branch    List, create, or delete branches\n   commit    Record changes to the repository\n   merge     Join two or more development histories together\n   rebase    Reapply commits on top of another base tip\n   reset     Reset current HEAD to the specified state\n   switch    Switch branches\n   tag       Create, list, delete or verify a tag object signed with GPG\n\ncollaborate (see also: git help workflows)\n   fetch     Download objects and refs from another repository\n   pull      Fetch from and integrate with another repository or a local branch\n   push      Update remote refs along with associated objects\n\n'git help -a' and 'git help -g' list available subcommands and some\nconcept guides. See 'git help <command>' or 'git help <concept>'\nto read about a specific subcommand or concept.\nSee 'git help git' for an overview of the system.\n""
[0m18:41:53.301680 [debug] [MainThread]: STDERR: "b''"
[0m18:41:53.301873 [info ] [MainThread]:  - git [[32mOK found[0m]

[0m18:41:53.302062 [info ] [MainThread]: Connection:
[0m18:41:53.302250 [info ] [MainThread]:   account: DB37863.australia-east.azure
[0m18:41:53.302401 [info ] [MainThread]:   user: RAKMANIMAL
[0m18:41:53.302554 [info ] [MainThread]:   database: YOUTUBE_TRENDING_DB
[0m18:41:53.302692 [info ] [MainThread]:   warehouse: COMPUTE_WH
[0m18:41:53.302828 [info ] [MainThread]:   role: SYSADMIN
[0m18:41:53.302977 [info ] [MainThread]:   schema: STAGING
[0m18:41:53.303117 [info ] [MainThread]:   authenticator: None
[0m18:41:53.303253 [info ] [MainThread]:   oauth_client_id: None
[0m18:41:53.303389 [info ] [MainThread]:   query_tag: None
[0m18:41:53.303526 [info ] [MainThread]:   client_session_keep_alive: False
[0m18:41:53.303662 [info ] [MainThread]:   host: None
[0m18:41:53.303798 [info ] [MainThread]:   port: None
[0m18:41:53.303933 [info ] [MainThread]:   proxy_host: None
[0m18:41:53.304069 [info ] [MainThread]:   proxy_port: None
[0m18:41:53.304207 [info ] [MainThread]:   protocol: None
[0m18:41:53.304342 [info ] [MainThread]:   connect_retries: 1
[0m18:41:53.304477 [info ] [MainThread]:   connect_timeout: None
[0m18:41:53.304612 [info ] [MainThread]:   retry_on_database_errors: False
[0m18:41:53.304746 [info ] [MainThread]:   retry_all: False
[0m18:41:53.304879 [info ] [MainThread]:   insecure_mode: False
[0m18:41:53.305015 [info ] [MainThread]:   reuse_connections: True
[0m18:41:53.305154 [info ] [MainThread]:   s3_stage_vpce_dns_name: None
[0m18:41:53.305531 [info ] [MainThread]: Registered adapter: snowflake=1.10.2
[0m18:41:53.399740 [debug] [MainThread]: Acquiring new snowflake connection 'debug'
[0m18:41:53.439253 [debug] [MainThread]: Using snowflake connection "debug"
[0m18:41:53.439485 [debug] [MainThread]: On debug: select 1 as id
[0m18:41:53.439637 [debug] [MainThread]: Opening a new connection, currently in state init
[0m18:41:57.069677 [debug] [MainThread]: SQL status: SUCCESS 1 in 3.630 seconds
[0m18:41:57.072248 [info ] [MainThread]:   Connection test: [[32mOK connection ok[0m]

[0m18:41:57.072940 [info ] [MainThread]: [31m1 check failed:[0m
[0m18:41:57.073431 [info ] [MainThread]: Project loading failed for the following reason:
 project path </Users/nicolasmir/youtube_analytics/dbt_project.yml> not found

[0m18:41:57.079908 [debug] [MainThread]: Resource report: {"command_name": "debug", "command_success": false, "command_wall_clock_time": 4.557907, "process_in_blocks": "0", "process_kernel_time": 0.308802, "process_mem_max_rss": "232488960", "process_out_blocks": "0", "process_user_time": 2.184138}
[0m18:41:57.080700 [debug] [MainThread]: Command `dbt debug` failed at 18:41:57.080565 after 4.56 seconds
[0m18:41:57.081252 [debug] [MainThread]: Connection 'debug' was left open.
[0m18:41:57.081652 [debug] [MainThread]: On debug: Close
[0m18:41:57.180748 [debug] [MainThread]: Sending event: {'category': 'dbt', 'action': 'invocation', 'label': 'end', 'context': [<snowplow_tracker.self_describing_json.SelfDescribingJson object at 0x106866190>, <snowplow_tracker.self_describing_json.SelfDescribingJson object at 0x10e3ead30>, <snowplow_tracker.self_describing_json.SelfDescribingJson object at 0x10e3ea580>]}
[0m18:41:57.181530 [debug] [MainThread]: Flushing usage events
[0m18:41:58.404631 [debug] [MainThread]: An error was encountered while trying to flush usage events
